11:59:22 [Skill] INFO  Skill:135 - Connecting to broker 10.1.15.78:1932...
11:59:23 [pool-3-thread-1] INFO  EntityInterpreter: 48 - Initialized intent furhatos.nlu.common.No:en in 46 msec
11:59:23 [pool-3-thread-1] INFO  EntityInterpreter: 63 - Initialized entity furhatos.app.fruitseller.nlu.FruitList:en in 2 msec
11:59:23 [pool-3-thread-1] INFO  EntityInterpreter: 63 - Initialized entity furhatos.app.fruitseller.nlu.QuantifiedFruit:en in 20 msec
11:59:23 [pool-3-thread-1] INFO  EntityInterpreter: 63 - Initialized entity furhatos.nlu.common.Number:en in 29 msec
11:59:23 [pool-3-thread-1] INFO  EntityInterpreter: 63 - Initialized entity furhatos.app.fruitseller.nlu.Fruit:en in 22 msec
11:59:23 [pool-3-thread-1] INFO  EntityInterpreter: 48 - Initialized intent furhatos.app.fruitseller.nlu.BuyFruit:en in 0 msec
11:59:23 [pool-3-thread-1] INFO  EntityInterpreter: 48 - Initialized intent furhatos.app.fruitseller.nlu.DadJoke:en in 0 msec
11:59:23 [pool-3-thread-1] INFO  EntityInterpreter: 48 - Initialized intent furhatos.app.fruitseller.nlu.CuddlyJoke:en in 0 msec
11:59:23 [pool-3-thread-1] INFO  EntityInterpreter: 48 - Initialized intent furhatos.app.fruitseller.nlu.KnockJoke:en in 0 msec
11:59:23 [pool-3-thread-1] INFO  EntityInterpreter: 48 - Initialized intent furhatos.app.fruitseller.nlu.RequestOptions:en in 0 msec
11:59:23 [pool-3-thread-1] INFO  EntityInterpreter: 48 - Initialized intent furhatos.nlu.common.Yes:en in 0 msec
11:59:36 [FruitsellerSkill] ERROR StateRunner:174 - java.lang.ClassCastException: java.base/java.lang.Integer cannot be cast to java.base/java.lang.Long
11:59:36 [ErrorLoggingThread] ERROR FruitsellerSkill:435 - java.lang.ClassCastException: java.base/java.lang.Integer cannot be cast to java.base/java.lang.Long
	at furhatos.app.fruitseller.flow.FruitsellerKt$TellingJoke$1$1.invoke(fruitseller.kt:130)
	at furhatos.app.fruitseller.flow.FruitsellerKt$TellingJoke$1$1.invoke(fruitseller.kt)
	at furhatos.flow.kotlin.StateRunner.runEntryTrigger(StateRunner.kt:168)
	at furhatos.flow.kotlin.StateRunner.run(StateRunner.kt:56)
	at furhatos.flow.kotlin.Flow.tailRecRun(Flow.kt:109)
	at furhatos.flow.kotlin.Flow.run(Flow.kt:93)
	at furhatos.app.fruitseller.FruitsellerSkill.start(main.kt:9)
	at furhatos.skills.Skill.initializeSkill(Skill.java:170)
	at furhatos.skills.Skill.lambda$startSkill$2(Skill.java:225)
	at java.base/java.lang.Thread.run(Thread.java:844)

