16:19:08 [Skill] INFO  Skill:135 - Connecting to broker 10.1.168.20:1932...
16:19:21 [pool-3-thread-1] INFO  EntityInterpreter: 63 - Initialized entity furhatos.app.fruitseller.nlu.FruitList:en in 1 msec
16:19:21 [pool-3-thread-1] INFO  EntityInterpreter: 63 - Initialized entity furhatos.app.fruitseller.nlu.QuantifiedFruit:en in 39 msec
16:19:21 [pool-3-thread-1] INFO  EntityInterpreter: 63 - Initialized entity furhatos.nlu.common.Number:en in 12 msec
16:19:21 [pool-3-thread-1] INFO  EntityInterpreter: 63 - Initialized entity furhatos.app.fruitseller.nlu.Fruit:en in 9 msec
16:19:21 [pool-3-thread-1] INFO  EntityInterpreter: 48 - Initialized intent furhatos.app.fruitseller.nlu.BuyFruit:en in 14 msec
16:19:21 [pool-3-thread-1] INFO  EntityInterpreter: 48 - Initialized intent furhatos.app.fruitseller.nlu.DadJoke:en in 1 msec
16:19:21 [pool-3-thread-1] INFO  EntityInterpreter: 48 - Initialized intent furhatos.app.fruitseller.nlu.CuddlyJoke:en in 0 msec
16:19:21 [pool-3-thread-1] INFO  EntityInterpreter: 48 - Initialized intent furhatos.app.fruitseller.nlu.KnockJoke:en in 0 msec
16:19:21 [pool-3-thread-1] INFO  EntityInterpreter: 48 - Initialized intent furhatos.app.fruitseller.nlu.RequestOptions:en in 1 msec
16:19:21 [pool-3-thread-1] INFO  EntityInterpreter: 48 - Initialized intent furhatos.nlu.common.Yes:en in 0 msec
16:19:28 [pool-3-thread-1] INFO  EntityInterpreter: 48 - Initialized intent furhatos.nlu.common.No:en in 0 msec
16:21:46 [FruitsellerSkill] ERROR StateRunner:174 - java.lang.ArrayIndexOutOfBoundsException: 3
16:21:46 [ErrorLoggingThread] ERROR FruitsellerSkill:435 - java.lang.ArrayIndexOutOfBoundsException: 3
	at furhatos.app.fruitseller.nlu.Joke.nextLine(nlu.kt:53)
	at furhatos.app.fruitseller.flow.FruitsellerKt$TellingJoke$1$1.invoke(fruitseller.kt:172)
	at furhatos.app.fruitseller.flow.FruitsellerKt$TellingJoke$1$1.invoke(fruitseller.kt)
	at furhatos.flow.kotlin.StateRunner.runEntryTrigger(StateRunner.kt:168)
	at furhatos.flow.kotlin.StateRunner.run(StateRunner.kt:56)
	at furhatos.flow.kotlin.Flow.tailRecRun(Flow.kt:109)
	at furhatos.flow.kotlin.Flow.run(Flow.kt:93)
	at furhatos.app.fruitseller.FruitsellerSkill.start(main.kt:9)
	at furhatos.skills.Skill.initializeSkill(Skill.java:170)
	at furhatos.skills.Skill.lambda$startSkill$2(Skill.java:225)
	at java.lang.Thread.run(Thread.java:748)

